0 info it worked if it ends with ok
1 verbose cli [ '/Users/jonassandstedt/.nvm/versions/node/v6.2.2/bin/node',
1 verbose cli   '/Users/jonassandstedt/.nvm/versions/node/v6.2.2/bin/npm',
1 verbose cli   'run',
1 verbose cli   'webpack',
1 verbose cli   '--config',
1 verbose cli   'webpack.config.js',
1 verbose cli   '-p',
1 verbose cli   '-w',
1 verbose cli   '--progress' ]
2 info using npm@3.9.5
3 info using node@v6.2.2
4 verbose run-script [ 'prewebpack', 'webpack', 'postwebpack' ]
5 info lifecycle jekyll-starter@1.0.0~prewebpack: jekyll-starter@1.0.0
6 silly lifecycle jekyll-starter@1.0.0~prewebpack: no script for prewebpack, continuing
7 info lifecycle jekyll-starter@1.0.0~webpack: jekyll-starter@1.0.0
8 verbose lifecycle jekyll-starter@1.0.0~webpack: unsafe-perm in lifecycle true
9 verbose lifecycle jekyll-starter@1.0.0~webpack: PATH: /Users/jonassandstedt/.nvm/versions/node/v6.2.2/lib/node_modules/npm/bin/node-gyp-bin:/Users/jonassandstedt/Sites/fullystudios.github.io/node_modules/.bin:/Users/jonassandstedt/.nvm/versions/node/v6.2.2/bin:/Users/jonassandstedt/.rvm/gems/ruby-2.4.1/bin:/Users/jonassandstedt/.rvm/gems/ruby-2.4.1@global/bin:/Users/jonassandstedt/.rvm/rubies/ruby-2.4.1/bin:/Users/jonassandstedt/.nvm/versions/node/v6.2.2/bin:/Applications/MAMP/bin/php/php7.1.8/bin:/usr/local/bin:/usr/bin:/bin:/usr/sbin:/sbin:/Users/jonassandstedt/.rvm/gems/ruby-2.4.1/bin:/Users/jonassandstedt/.rvm/gems/ruby-2.4.1@global/bin:/Users/jonassandstedt/.rvm/rubies/ruby-2.4.1/bin:/Applications/MAMP/bin/php/php7.1.8/bin:/Users/jonassandstedt/.composer/vendor/bin:/Users/jonassandstedt/.rvm/bin:/Users/jonassandstedt/.composer/vendor/bin
10 verbose lifecycle jekyll-starter@1.0.0~webpack: CWD: /Users/jonassandstedt/Sites/fullystudios.github.io
11 silly lifecycle jekyll-starter@1.0.0~webpack: Args: [ '-c',
11 silly lifecycle   'webpack --config webpack.config.js -p -w --progress "webpack.config.js"' ]
12 silly lifecycle jekyll-starter@1.0.0~webpack: Returned: code: 1  signal: null
13 info lifecycle jekyll-starter@1.0.0~webpack: Failed to exec webpack script
14 verbose stack Error: jekyll-starter@1.0.0 webpack: `webpack --config webpack.config.js -p -w --progress "webpack.config.js"`
14 verbose stack Exit status 1
14 verbose stack     at EventEmitter.<anonymous> (/Users/jonassandstedt/.nvm/versions/node/v6.2.2/lib/node_modules/npm/lib/utils/lifecycle.js:245:16)
14 verbose stack     at emitTwo (events.js:106:13)
14 verbose stack     at EventEmitter.emit (events.js:191:7)
14 verbose stack     at ChildProcess.<anonymous> (/Users/jonassandstedt/.nvm/versions/node/v6.2.2/lib/node_modules/npm/lib/utils/spawn.js:24:14)
14 verbose stack     at emitTwo (events.js:106:13)
14 verbose stack     at ChildProcess.emit (events.js:191:7)
14 verbose stack     at maybeClose (internal/child_process.js:852:16)
14 verbose stack     at Process.ChildProcess._handle.onexit (internal/child_process.js:215:5)
15 verbose pkgid jekyll-starter@1.0.0
16 verbose cwd /Users/jonassandstedt/Sites/fullystudios.github.io
17 error Darwin 17.4.0
18 error argv "/Users/jonassandstedt/.nvm/versions/node/v6.2.2/bin/node" "/Users/jonassandstedt/.nvm/versions/node/v6.2.2/bin/npm" "run" "webpack" "--config" "webpack.config.js" "-p" "-w" "--progress"
19 error node v6.2.2
20 error npm  v3.9.5
21 error code ELIFECYCLE
22 error jekyll-starter@1.0.0 webpack: `webpack --config webpack.config.js -p -w --progress "webpack.config.js"`
22 error Exit status 1
23 error Failed at the jekyll-starter@1.0.0 webpack script 'webpack --config webpack.config.js -p -w --progress "webpack.config.js"'.
23 error Make sure you have the latest version of node.js and npm installed.
23 error If you do, this is most likely a problem with the jekyll-starter package,
23 error not with npm itself.
23 error Tell the author that this fails on your system:
23 error     webpack --config webpack.config.js -p -w --progress "webpack.config.js"
23 error You can get information on how to open an issue for this project with:
23 error     npm bugs jekyll-starter
23 error Or if that isn't available, you can get their info via:
23 error     npm owner ls jekyll-starter
23 error There is likely additional logging output above.
24 verbose exit [ 1, true ]
